estudos/indickeyboard_api16/logs/manifest-merger-release-report.txt
-- Merging decision tree log ---
manifest
ADDED from org.smc.inputmethod.indic/java/AndroidManifest.xml:17:1-161:12
	package
		ADDED from org.smc.inputmethod.indic/java/AndroidManifest.xml:19:9-44
	android:versionName
		ADDED from org.smc.inputmethod.indic/java/AndroidManifest.xml:21:9-36
		INJECTED from org.smc.inputmethod.indic/java/AndroidManifest.xml
		INJECTED from org.smc.inputmethod.indic/java/AndroidManifest.xml
	android:versionCode
		ADDED from org.smc.inputmethod.indic/java/AndroidManifest.xml:20:9-33
		INJECTED from org.smc.inputmethod.indic/java/AndroidManifest.xml
		INJECTED from org.smc.inputmethod.indic/java/AndroidManifest.xml
	coreApp
		ADDED from org.smc.inputmethod.indic/java/AndroidManifest.xml:18:9-23
	xmlns:android
		ADDED from org.smc.inputmethod.indic/java/AndroidManifest.xml:17:11-69
uses-sdk
ADDED from org.smc.inputmethod.indic/java/AndroidManifest.xml:23:5-74
MERGED from [com.android.support:support-v4:22.1.0] AndroidManifest.xml:20:5-43
MERGED from [java:ime:unspecified] AndroidManifest.xml:7:5-9:41
	android:targetSdkVersion
		ADDED from org.smc.inputmethod.indic/java/AndroidManifest.xml:23:42-71
		INJECTED from org.smc.inputmethod.indic/java/AndroidManifest.xml
		INJECTED from org.smc.inputmethod.indic/java/AndroidManifest.xml
	android:minSdkVersion
		ADDED from org.smc.inputmethod.indic/java/AndroidManifest.xml:23:15-41
		INJECTED from org.smc.inputmethod.indic/java/AndroidManifest.xml
		INJECTED from org.smc.inputmethod.indic/java/AndroidManifest.xml
uses-permission#android.permission.GET_ACCOUNTS
ADDED from org.smc.inputmethod.indic/java/AndroidManifest.xml:25:5-71
	android:name
		ADDED from org.smc.inputmethod.indic/java/AndroidManifest.xml:25:22-68
uses-permission#android.permission.READ_CONTACTS
ADDED from org.smc.inputmethod.indic/java/AndroidManifest.xml:26:5-72
	android:name
		ADDED from org.smc.inputmethod.indic/java/AndroidManifest.xml:26:22-69
uses-permission#android.permission.READ_PROFILE
ADDED from org.smc.inputmethod.indic/java/AndroidManifest.xml:27:5-71
	android:name
		ADDED from org.smc.inputmethod.indic/java/AndroidManifest.xml:27:22-68
uses-permission#android.permission.READ_USER_DICTIONARY
ADDED from org.smc.inputmethod.indic/java/AndroidManifest.xml:28:5-79
	android:name
		ADDED from org.smc.inputmethod.indic/java/AndroidManifest.xml:28:22-76
uses-permission#android.permission.RECEIVE_BOOT_COMPLETED
ADDED from org.smc.inputmethod.indic/java/AndroidManifest.xml:29:5-81
	android:name
		ADDED from org.smc.inputmethod.indic/java/AndroidManifest.xml:29:22-78
uses-permission#android.permission.VIBRATE
ADDED from org.smc.inputmethod.indic/java/AndroidManifest.xml:30:5-66
	android:name
		ADDED from org.smc.inputmethod.indic/java/AndroidManifest.xml:30:22-63
uses-permission#android.permission.WRITE_EXTERNAL_STORAGE
ADDED from org.smc.inputmethod.indic/java/AndroidManifest.xml:31:5-81
	android:name
		ADDED from org.smc.inputmethod.indic/java/AndroidManifest.xml:31:22-78
uses-permission#android.permission.WRITE_USER_DICTIONARY
ADDED from org.smc.inputmethod.indic/java/AndroidManifest.xml:32:5-80
	android:name
		ADDED from org.smc.inputmethod.indic/java/AndroidManifest.xml:32:22-77
application
ADDED from org.smc.inputmethod.indic/java/AndroidManifest.xml:34:5-160:19
MERGED from [com.android.support:support-v4:22.1.0] AndroidManifest.xml:22:5-20
MERGED from [java:ime:unspecified] AndroidManifest.xml:11:5-12:19
	android:label
		ADDED from org.smc.inputmethod.indic/java/AndroidManifest.xml:34:18-58
	android:supportsRtl
		ADDED from org.smc.inputmethod.indic/java/AndroidManifest.xml:36:13-39
	android:allowBackup
		ADDED from org.smc.inputmethod.indic/java/AndroidManifest.xml:37:13-39
	android:icon
		ADDED from org.smc.inputmethod.indic/java/AndroidManifest.xml:35:13-58
service#org.smc.inputmethod.indic.LatinIME
ADDED from org.smc.inputmethod.indic/java/AndroidManifest.xml:39:9-46:19
	android:label
		ADDED from org.smc.inputmethod.indic/java/AndroidManifest.xml:40:17-57
	android:permission
		ADDED from org.smc.inputmethod.indic/java/AndroidManifest.xml:41:17-74
	android:name
		ADDED from org.smc.inputmethod.indic/java/AndroidManifest.xml:39:18-41
intent-filter#android.view.InputMethod
ADDED from org.smc.inputmethod.indic/java/AndroidManifest.xml:42:13-44:29
action#android.view.InputMethod
ADDED from org.smc.inputmethod.indic/java/AndroidManifest.xml:43:17-67
	android:name
		ADDED from org.smc.inputmethod.indic/java/AndroidManifest.xml:43:25-64
meta-data#android.view.im
ADDED from org.smc.inputmethod.indic/java/AndroidManifest.xml:45:13-88
	android:resource
		ADDED from org.smc.inputmethod.indic/java/AndroidManifest.xml:45:55-85
	android:name
		ADDED from org.smc.inputmethod.indic/java/AndroidManifest.xml:45:24-54
service#org.smc.inputmethod.indic.spellcheck.AndroidSpellCheckerService
ADDED from org.smc.inputmethod.indic/java/AndroidManifest.xml:48:9-56:19
	android:label
		ADDED from org.smc.inputmethod.indic/java/AndroidManifest.xml:49:18-68
	android:permission
		ADDED from org.smc.inputmethod.indic/java/AndroidManifest.xml:50:18-75
	android:name
		ADDED from org.smc.inputmethod.indic/java/AndroidManifest.xml:48:18-71
intent-filter#android.service.textservice.SpellCheckerService
ADDED from org.smc.inputmethod.indic/java/AndroidManifest.xml:51:13-53:29
action#android.service.textservice.SpellCheckerService
ADDED from org.smc.inputmethod.indic/java/AndroidManifest.xml:52:17-90
	android:name
		ADDED from org.smc.inputmethod.indic/java/AndroidManifest.xml:52:25-87
meta-data#android.view.textservice.scs
ADDED from org.smc.inputmethod.indic/java/AndroidManifest.xml:54:13-55:60
	android:resource
		ADDED from org.smc.inputmethod.indic/java/AndroidManifest.xml:55:21-57
	android:name
		ADDED from org.smc.inputmethod.indic/java/AndroidManifest.xml:54:24-67
activity#org.smc.inputmethod.indic.setup.SetupActivity
ADDED from org.smc.inputmethod.indic/java/AndroidManifest.xml:58:9-68:20
	android:label
		ADDED from org.smc.inputmethod.indic/java/AndroidManifest.xml:60:17-57
	android:launchMode
		ADDED from org.smc.inputmethod.indic/java/AndroidManifest.xml:62:17-48
	android:noHistory
		ADDED from org.smc.inputmethod.indic/java/AndroidManifest.xml:63:17-41
	android:icon
		ADDED from org.smc.inputmethod.indic/java/AndroidManifest.xml:61:17-62
	android:theme
		ADDED from org.smc.inputmethod.indic/java/AndroidManifest.xml:59:17-61
	android:name
		ADDED from org.smc.inputmethod.indic/java/AndroidManifest.xml:58:19-54
intent-filter#android.intent.action.MAIN+android.intent.category.LAUNCHER
ADDED from org.smc.inputmethod.indic/java/AndroidManifest.xml:64:13-67:29
action#android.intent.action.MAIN
ADDED from org.smc.inputmethod.indic/java/AndroidManifest.xml:65:17-69
	android:name
		ADDED from org.smc.inputmethod.indic/java/AndroidManifest.xml:65:25-66
category#android.intent.category.LAUNCHER
ADDED from org.smc.inputmethod.indic/java/AndroidManifest.xml:66:17-77
	android:name
		ADDED from org.smc.inputmethod.indic/java/AndroidManifest.xml:66:27-74
activity#org.smc.inputmethod.indic.setup.SetupWizardActivity
ADDED from org.smc.inputmethod.indic/java/AndroidManifest.xml:70:9-77:20
	android:clearTaskOnLaunch
		ADDED from org.smc.inputmethod.indic/java/AndroidManifest.xml:73:17-49
	android:label
		ADDED from org.smc.inputmethod.indic/java/AndroidManifest.xml:72:17-57
	android:theme
		ADDED from org.smc.inputmethod.indic/java/AndroidManifest.xml:71:17-61
	android:name
		ADDED from org.smc.inputmethod.indic/java/AndroidManifest.xml:70:19-60
intent-filter#android.intent.action.MAIN
ADDED from org.smc.inputmethod.indic/java/AndroidManifest.xml:74:13-76:29
receiver#org.smc.inputmethod.indic.SystemBroadcastReceiver
ADDED from org.smc.inputmethod.indic/java/AndroidManifest.xml:79:9-86:20
	android:name
		ADDED from org.smc.inputmethod.indic/java/AndroidManifest.xml:79:19-57
intent-filter#android.intent.action.BOOT_COMPLETED+android.intent.action.LOCALE_CHANGED+android.intent.action.MY_PACKAGE_REPLACED+android.intent.action.USER_INITIALIZE
ADDED from org.smc.inputmethod.indic/java/AndroidManifest.xml:80:13-85:29
action#android.intent.action.MY_PACKAGE_REPLACED
ADDED from org.smc.inputmethod.indic/java/AndroidManifest.xml:81:17-84
	android:name
		ADDED from org.smc.inputmethod.indic/java/AndroidManifest.xml:81:25-81
action#android.intent.action.BOOT_COMPLETED
ADDED from org.smc.inputmethod.indic/java/AndroidManifest.xml:82:17-79
	android:name
		ADDED from org.smc.inputmethod.indic/java/AndroidManifest.xml:82:25-76
action#android.intent.action.USER_INITIALIZE
ADDED from org.smc.inputmethod.indic/java/AndroidManifest.xml:83:17-80
	android:name
		ADDED from org.smc.inputmethod.indic/java/AndroidManifest.xml:83:25-77
action#android.intent.action.LOCALE_CHANGED
ADDED from org.smc.inputmethod.indic/java/AndroidManifest.xml:84:17-79
	android:name
		ADDED from org.smc.inputmethod.indic/java/AndroidManifest.xml:84:25-76
activity#org.smc.inputmethod.indic.settings.SettingsActivity
ADDED from org.smc.inputmethod.indic/java/AndroidManifest.xml:88:9-95:20
	android:label
		ADDED from org.smc.inputmethod.indic/java/AndroidManifest.xml:90:17-61
	android:uiOptions
		ADDED from org.smc.inputmethod.indic/java/AndroidManifest.xml:91:17-61
	android:theme
		ADDED from org.smc.inputmethod.indic/java/AndroidManifest.xml:89:17-61
	android:name
		ADDED from org.smc.inputmethod.indic/java/AndroidManifest.xml:88:19-60
activity#org.smc.inputmethod.indic.spellcheck.SpellCheckerSettingsActivity
ADDED from org.smc.inputmethod.indic/java/AndroidManifest.xml:97:9-103:20
	android:label
		ADDED from org.smc.inputmethod.indic/java/AndroidManifest.xml:99:19-73
	android:theme
		ADDED from org.smc.inputmethod.indic/java/AndroidManifest.xml:98:19-63
	android:name
		ADDED from org.smc.inputmethod.indic/java/AndroidManifest.xml:97:19-74
receiver#org.smc.inputmethod.indic.SuggestionSpanPickedNotificationReceiver
ADDED from org.smc.inputmethod.indic/java/AndroidManifest.xml:105:9-109:20
	android:enabled
		ADDED from org.smc.inputmethod.indic/java/AndroidManifest.xml:105:75-97
	android:name
		ADDED from org.smc.inputmethod.indic/java/AndroidManifest.xml:105:19-74
intent-filter#android.text.style.SUGGESTION_PICKED
ADDED from org.smc.inputmethod.indic/java/AndroidManifest.xml:106:13-108:29
action#android.text.style.SUGGESTION_PICKED
ADDED from org.smc.inputmethod.indic/java/AndroidManifest.xml:107:17-79
	android:name
		ADDED from org.smc.inputmethod.indic/java/AndroidManifest.xml:107:25-76
receiver#org.smc.inputmethod.indic.personalization.DictionaryDecayBroadcastReciever
ADDED from org.smc.inputmethod.indic/java/AndroidManifest.xml:111:9-116:20
	android:exported
		ADDED from org.smc.inputmethod.indic/java/AndroidManifest.xml:112:13-37
	android:name
		ADDED from org.smc.inputmethod.indic/java/AndroidManifest.xml:111:19-83
intent-filter#org.smc.inputmethod.indic.personalization.DICT_DECAY
ADDED from org.smc.inputmethod.indic/java/AndroidManifest.xml:113:13-115:29
action#org.smc.inputmethod.indic.personalization.DICT_DECAY
ADDED from org.smc.inputmethod.indic/java/AndroidManifest.xml:114:17-95
	android:name
		ADDED from org.smc.inputmethod.indic/java/AndroidManifest.xml:114:25-92
receiver#org.smc.inputmethod.indic.DictionaryPackInstallBroadcastReceiver
ADDED from org.smc.inputmethod.indic/java/AndroidManifest.xml:118:9-122:20
	android:exported
		ADDED from org.smc.inputmethod.indic/java/AndroidManifest.xml:118:74-98
	android:name
		ADDED from org.smc.inputmethod.indic/java/AndroidManifest.xml:118:19-73
intent-filter#org.smc.inputmethod.dictionarypack.aosp.UNKNOWN_CLIENT
ADDED from org.smc.inputmethod.indic/java/AndroidManifest.xml:119:13-121:29
action#org.smc.inputmethod.dictionarypack.aosp.UNKNOWN_CLIENT
ADDED from org.smc.inputmethod.indic/java/AndroidManifest.xml:120:17-97
	android:name
		ADDED from org.smc.inputmethod.indic/java/AndroidManifest.xml:120:25-94
provider#org.smc.inputmethod.dictionarypack.DictionaryProvider
ADDED from org.smc.inputmethod.indic/java/AndroidManifest.xml:124:9-130:20
	android:authorities
		ADDED from org.smc.inputmethod.indic/java/AndroidManifest.xml:127:17-56
	android:grantUriPermissions
		ADDED from org.smc.inputmethod.indic/java/AndroidManifest.xml:125:17-51
	android:label
		ADDED from org.smc.inputmethod.indic/java/AndroidManifest.xml:129:17-65
	android:multiprocess
		ADDED from org.smc.inputmethod.indic/java/AndroidManifest.xml:128:17-45
	android:exported
		ADDED from org.smc.inputmethod.indic/java/AndroidManifest.xml:126:17-41
	android:name
		ADDED from org.smc.inputmethod.indic/java/AndroidManifest.xml:124:19-87
service#org.smc.inputmethod.dictionarypack.DictionaryService
ADDED from org.smc.inputmethod.indic/java/AndroidManifest.xml:132:9-134:19
	android:label
		ADDED from org.smc.inputmethod.indic/java/AndroidManifest.xml:133:17-64
	android:name
		ADDED from org.smc.inputmethod.indic/java/AndroidManifest.xml:132:18-85
receiver#org.smc.inputmethod.dictionarypack.EventHandler
ADDED from org.smc.inputmethod.indic/java/AndroidManifest.xml:136:9-142:20
	android:name
		ADDED from org.smc.inputmethod.indic/java/AndroidManifest.xml:136:19-81
intent-filter#android.intent.action.DATE_CHANGED+android.intent.action.DOWNLOAD_COMPLETE+org.smc.inputmethod.dictionarypack.aosp.UPDATE_NOW
ADDED from org.smc.inputmethod.indic/java/AndroidManifest.xml:137:13-141:29
action#android.intent.action.DOWNLOAD_COMPLETE
ADDED from org.smc.inputmethod.indic/java/AndroidManifest.xml:138:17-82
	android:name
		ADDED from org.smc.inputmethod.indic/java/AndroidManifest.xml:138:25-79
action#android.intent.action.DATE_CHANGED
ADDED from org.smc.inputmethod.indic/java/AndroidManifest.xml:139:17-77
	android:name
		ADDED from org.smc.inputmethod.indic/java/AndroidManifest.xml:139:25-74
action#org.smc.inputmethod.dictionarypack.aosp.UPDATE_NOW
ADDED from org.smc.inputmethod.indic/java/AndroidManifest.xml:140:17-93
	android:name
		ADDED from org.smc.inputmethod.indic/java/AndroidManifest.xml:140:25-90
activity#org.smc.inputmethod.dictionarypack.DictionarySettingsActivity
ADDED from org.smc.inputmethod.indic/java/AndroidManifest.xml:144:9-151:20
	android:label
		ADDED from org.smc.inputmethod.indic/java/AndroidManifest.xml:146:17-66
	android:uiOptions
		ADDED from org.smc.inputmethod.indic/java/AndroidManifest.xml:147:17-61
	android:theme
		ADDED from org.smc.inputmethod.indic/java/AndroidManifest.xml:145:17-61
	android:name
		ADDED from org.smc.inputmethod.indic/java/AndroidManifest.xml:144:19-95
activity#org.smc.inputmethod.dictionarypack.DownloadOverMeteredDialog
ADDED from org.smc.inputmethod.indic/java/AndroidManifest.xml:153:9-159:20
	android:label
		ADDED from org.smc.inputmethod.indic/java/AndroidManifest.xml:155:17-87
	android:theme
		ADDED from org.smc.inputmethod.indic/java/AndroidManifest.xml:154:17-61
	android:name
		ADDED from org.smc.inputmethod.indic/java/AndroidManifest.xml:153:19-94